
 -------- Energy Values --------
   component         [kcal/mol]
 -------------------------------
   Total         |    12.9069
   Kinetic       |     0.0000
   Potential     |    12.9069
   Non-bonded    |     1.2845
   Bonded        |    11.6224
   Boundary      |     0.0000
   van der Waals |    -0.6197
   Electrostatic |     1.9042
   Bonds         |     9.8700
   Angles        |     1.7524
   Torsions      |     0.0000
   Out-of-planes |     0.0000

 -------- Molecular Geometry and Non-bonded Parameters ---------
      type     x         y         z       q      ro/2    eps
 ---------------------------------------------------------------
   1 | CA   -3.4586    1.0268    0.0000 -0.0800  1.9080  0.0860
   2 | CA   -2.2197    1.7379    0.0000 -0.0800  1.9080  0.0860
   3 | CA   -0.9980    1.0099    0.0000 -0.0800  1.9080  0.0860
   4 | CA   -1.0534   -0.3728    0.0000 -0.0800  1.9080  0.0860
   5 | CA   -2.2765   -1.0669    0.0000 -0.0800  1.9080  0.0860
   6 | CA   -3.5128   -0.3808    0.0000 -0.0800  1.9080  0.0860
   7 | HA   -4.4844   -0.9201    0.0000  0.0800  1.4590  0.0150
   8 | HA   -4.3950    1.5990    0.0000  0.0800  1.4590  0.0150
   9 | HA   -2.1192    2.8037    0.0000  0.0800  1.4590  0.0150
  10 | HA   -0.0354    1.5660    0.0000  0.0800  1.4590  0.0150
  11 | HA   -0.0763   -0.9314    0.0000  0.0800  1.4590  0.0150
  12 | HA   -2.2807   -2.1689   -0.0000  0.0800  1.4590  0.0150
  13 | CA    0.4950    8.5768   -0.7494 -0.0800  1.9080  0.0860
  14 | CA    0.9899    8.5027   -2.1156 -0.0800  1.9080  0.0860
  15 | CA    0.1656    7.4017    0.0000 -0.0800  1.9080  0.0860
  16 | CA    0.3387    6.1270   -0.6405 -0.0800  1.9080  0.0860
  17 | CA    0.8352    6.0596   -2.0098 -0.0800  1.9080  0.0860
  18 | CA    1.1620    7.2430   -2.7514 -0.0800  1.9080  0.0860
  19 | HA    1.5410    7.1644   -3.8002  0.0800  1.4590  0.0150
  20 | HA    1.2229    9.4604   -2.6291  0.0800  1.4590  0.0150
  21 | HA    0.0988    5.1851   -0.1056  0.0800  1.4590  0.0150
  22 | HA    0.9705    5.0852   -2.5076  0.0800  1.4590  0.0150
  23 | HA    0.3667    9.5675   -0.2688  0.0800  1.4590  0.0150
  24 | HA   -0.2127    7.5011    1.0497  0.0800  1.4590  0.0150

 ------------------ Bond Length Data -------------------
          k_b     r_eq     r_ij   types    energy atoms
 -------------------------------------------------------
   1 |  469.00   1.4000   1.4285 (CA-CA)   0.3815 (1-2)
   2 |  469.00   1.4000   1.4086 (CA-CA)   0.0348 (1-6)
   3 |  367.00   1.0800   1.0974 (CA-HA)   0.1113 (1-8)
   4 |  469.00   1.4000   1.4221 (CA-CA)   0.2291 (2-3)
   5 |  367.00   1.0800   1.0706 (CA-HA)   0.0325 (2-9)
   6 |  469.00   1.4000   1.3838 (CA-CA)   0.1228 (3-4)
   7 |  367.00   1.0800   1.1117 (CA-HA)   0.3680 (3-10)
   8 |  469.00   1.4000   1.4063 (CA-CA)   0.0188 (4-5)
   9 |  367.00   1.0800   1.1255 (CA-HA)   0.7590 (4-11)
  10 |  469.00   1.4000   1.4139 (CA-CA)   0.0906 (5-6)
  11 |  367.00   1.0800   1.1020 (CA-HA)   0.1781 (5-12)
  12 |  367.00   1.0800   1.1113 (CA-HA)   0.3586 (6-7)
  13 |  469.00   1.4000   1.4550 (CA-CA)   1.4169 (13-14)
  14 |  469.00   1.4000   1.4321 (CA-CA)   0.4832 (13-15)
  15 |  367.00   1.0800   1.1086 (CA-HA)   0.3006 (13-23)
  16 |  469.00   1.4000   1.4215 (CA-CA)   0.2170 (14-18)
  17 |  367.00   1.0800   1.1114 (CA-HA)   0.3617 (14-20)
  18 |  469.00   1.4000   1.4370 (CA-CA)   0.6436 (15-16)
  19 |  367.00   1.0800   1.1203 (CA-HA)   0.5948 (15-24)
  20 |  469.00   1.4000   1.4580 (CA-CA)   1.5791 (16-17)
  21 |  367.00   1.0800   1.1095 (CA-HA)   0.3189 (16-21)
  22 |  469.00   1.4000   1.4343 (CA-CA)   0.5531 (17-18)
  23 |  367.00   1.0800   1.1025 (CA-HA)   0.1859 (17-22)
  24 |  367.00   1.0800   1.1180 (CA-HA)   0.5301 (18-19)

 ------------------- Bond Angle Data --------------------
         k_a   a_eq    a_ijk    types     energy  atoms
 --------------------------------------------------------
   1 |  63.00 120.000 119.355 (CA-CA-CA)  0.0080 (1-2-3)
   2 |  35.00 120.000 125.240 (CA-CA-HA)  0.2927 (1-2-9)
   3 |  63.00 120.000 116.823 (CA-CA-CA)  0.1937 (1-6-5)
   4 |  35.00 120.000 121.238 (CA-CA-HA)  0.0163 (1-6-7)
   5 |  63.00 120.000 122.059 (CA-CA-CA)  0.0814 (2-1-6)
   6 |  35.00 120.000 118.720 (CA-CA-HA)  0.0175 (2-1-8)
   7 |  63.00 120.000 118.497 (CA-CA-CA)  0.0434 (2-3-4)
   8 |  35.00 120.000 119.194 (CA-CA-HA)  0.0069 (2-3-10)
   9 |  35.00 120.000 115.405 (CA-CA-HA)  0.2251 (3-2-9)
  10 |  63.00 120.000 121.867 (CA-CA-CA)  0.0669 (3-4-5)
  11 |  35.00 120.000 117.463 (CA-CA-HA)  0.0686 (3-4-11)
  12 |  35.00 120.000 122.309 (CA-CA-HA)  0.0568 (4-3-10)
  13 |  63.00 120.000 121.399 (CA-CA-CA)  0.0376 (4-5-6)
  14 |  35.00 120.000 119.790 (CA-CA-HA)  0.0005 (4-5-12)
  15 |  35.00 120.000 120.670 (CA-CA-HA)  0.0048 (5-4-11)
  16 |  35.00 120.000 121.939 (CA-CA-HA)  0.0401 (5-6-7)
  17 |  35.00 120.000 119.221 (CA-CA-HA)  0.0065 (6-1-8)
  18 |  35.00 120.000 118.811 (CA-CA-HA)  0.0151 (6-5-12)
  19 |  63.00 120.000 120.415 (CA-CA-CA)  0.0033 (13-14-18)
  20 |  35.00 120.000 117.472 (CA-CA-HA)  0.0682 (13-14-20)
  21 |  63.00 120.000 117.832 (CA-CA-CA)  0.0902 (13-15-16)
  22 |  35.00 120.000 119.687 (CA-CA-HA)  0.0010 (13-15-24)
  23 |  63.00 120.000 121.859 (CA-CA-CA)  0.0663 (14-13-15)
  24 |  35.00 120.000 119.470 (CA-CA-HA)  0.0030 (14-13-23)
  25 |  63.00 120.000 118.186 (CA-CA-CA)  0.0632 (14-18-17)
  26 |  35.00 120.000 121.529 (CA-CA-HA)  0.0249 (14-18-19)
  27 |  35.00 120.000 118.671 (CA-CA-HA)  0.0188 (15-13-23)
  28 |  63.00 120.000 120.041 (CA-CA-CA)  0.0000 (15-16-17)
  29 |  35.00 120.000 120.807 (CA-CA-HA)  0.0069 (15-16-21)
  30 |  35.00 120.000 122.480 (CA-CA-HA)  0.0656 (16-15-24)
  31 |  63.00 120.000 121.667 (CA-CA-CA)  0.0533 (16-17-18)
  32 |  35.00 120.000 120.448 (CA-CA-HA)  0.0021 (16-17-22)
  33 |  35.00 120.000 119.152 (CA-CA-HA)  0.0077 (17-16-21)
  34 |  35.00 120.000 120.285 (CA-CA-HA)  0.0009 (17-18-19)
  35 |  35.00 120.000 122.113 (CA-CA-HA)  0.0476 (18-14-20)
  36 |  35.00 120.000 117.886 (CA-CA-HA)  0.0477 (18-17-22)

 ---------------------- Torsion Angle Data -----------------------
         vn/2  gamma   t_ijkl n p     types      energy   atoms
 -----------------------------------------------------------------
   1 |  14.50  180.0    0.000 2 4 (CA-CA-CA-CA)  0.0000 (1-2-3-4)
   2 |  14.50  180.0  180.000 2 4 (CA-CA-CA-HA)  0.0000 (1-2-3-10)
   3 |  14.50  180.0    0.000 2 4 (CA-CA-CA-CA)  0.0000 (2-1-6-5)
   4 |  14.50  180.0  180.000 2 4 (CA-CA-CA-HA)  0.0000 (2-1-6-7)
   5 |  14.50  180.0    0.000 2 4 (CA-CA-CA-CA)  0.0000 (2-3-4-5)
   6 |  14.50  180.0  180.000 2 4 (CA-CA-CA-HA)  0.0000 (2-3-4-11)
   7 |  14.50  180.0    0.000 2 4 (CA-CA-CA-CA)  0.0000 (3-4-5-6)
   8 |  14.50  180.0  180.000 2 4 (CA-CA-CA-HA)  0.0000 (3-4-5-12)
   9 |  14.50  180.0    0.000 2 4 (CA-CA-CA-CA)  0.0000 (4-5-6-1)
  10 |  14.50  180.0  180.000 2 4 (CA-CA-CA-HA)  0.0000 (4-5-6-7)
  11 |  14.50  180.0    0.000 2 4 (CA-CA-CA-CA)  0.0000 (6-1-2-3)
  12 |  14.50  180.0  180.000 2 4 (CA-CA-CA-HA)  0.0000 (6-1-2-9)
  13 |  14.50  180.0  180.000 2 4 (HA-CA-CA-CA)  0.0000 (8-1-2-3)
  14 |  14.50  180.0    0.000 2 4 (HA-CA-CA-HA)  0.0000 (8-1-2-9)
  15 |  14.50  180.0  180.000 2 4 (HA-CA-CA-CA)  0.0000 (8-1-6-5)
  16 |  14.50  180.0    0.000 2 4 (HA-CA-CA-HA)  0.0000 (8-1-6-7)
  17 |  14.50  180.0  180.000 2 4 (HA-CA-CA-CA)  0.0000 (9-2-3-4)
  18 |  14.50  180.0    0.000 2 4 (HA-CA-CA-HA)  0.0000 (9-2-3-10)
  19 |  14.50  180.0  180.000 2 4 (HA-CA-CA-CA)  0.0000 (10-3-4-5)
  20 |  14.50  180.0    0.000 2 4 (HA-CA-CA-HA)  0.0000 (10-3-4-11)
  21 |  14.50  180.0  180.000 2 4 (HA-CA-CA-CA)  0.0000 (11-4-5-6)
  22 |  14.50  180.0    0.000 2 4 (HA-CA-CA-HA)  0.0000 (11-4-5-12)
  23 |  14.50  180.0  180.000 2 4 (HA-CA-CA-CA)  0.0000 (12-5-6-1)
  24 |  14.50  180.0    0.000 2 4 (HA-CA-CA-HA)  0.0000 (12-5-6-7)
  25 |  14.50  180.0    0.000 2 4 (CA-CA-CA-CA)  0.0000 (13-14-18-17)
  26 |  14.50  180.0  180.000 2 4 (CA-CA-CA-HA)  0.0000 (13-14-18-19)
  27 |  14.50  180.0    0.000 2 4 (CA-CA-CA-CA)  0.0000 (13-15-16-17)
  28 |  14.50  180.0 -180.000 2 4 (CA-CA-CA-HA)  0.0000 (13-15-16-21)
  29 |  14.50  180.0   -0.000 2 4 (CA-CA-CA-CA)  0.0000 (14-13-15-16)
  30 |  14.50  180.0 -180.000 2 4 (CA-CA-CA-HA)  0.0000 (14-13-15-24)
  31 |  14.50  180.0   -0.000 2 4 (CA-CA-CA-CA)  0.0000 (15-13-14-18)
  32 |  14.50  180.0 -180.000 2 4 (CA-CA-CA-HA)  0.0000 (15-13-14-20)
  33 |  14.50  180.0    0.000 2 4 (CA-CA-CA-CA)  0.0000 (15-16-17-18)
  34 |  14.50  180.0  180.000 2 4 (CA-CA-CA-HA)  0.0000 (15-16-17-22)
  35 |  14.50  180.0   -0.000 2 4 (CA-CA-CA-CA)  0.0000 (16-17-18-14)
  36 |  14.50  180.0 -180.000 2 4 (CA-CA-CA-HA)  0.0000 (16-17-18-19)
  37 |  14.50  180.0 -180.000 2 4 (HA-CA-CA-CA)  0.0000 (20-14-18-17)
  38 |  14.50  180.0   -0.000 2 4 (HA-CA-CA-HA)  0.0000 (20-14-18-19)
  39 |  14.50  180.0 -180.000 2 4 (HA-CA-CA-CA)  0.0000 (21-16-17-18)
  40 |  14.50  180.0   -0.000 2 4 (HA-CA-CA-HA)  0.0000 (21-16-17-22)
  41 |  14.50  180.0  180.000 2 4 (HA-CA-CA-CA)  0.0000 (22-17-18-14)
  42 |  14.50  180.0    0.000 2 4 (HA-CA-CA-HA)  0.0000 (22-17-18-19)
  43 |  14.50  180.0  179.999 2 4 (HA-CA-CA-CA)  0.0000 (23-13-14-18)
  44 |  14.50  180.0   -0.000 2 4 (HA-CA-CA-HA)  0.0000 (23-13-14-20)
  45 |  14.50  180.0 -180.000 2 4 (HA-CA-CA-CA)  0.0000 (23-13-15-16)
  46 |  14.50  180.0    0.001 2 4 (HA-CA-CA-HA)  0.0000 (23-13-15-24)
  47 |  14.50  180.0  180.000 2 4 (HA-CA-CA-CA)  0.0000 (24-15-16-17)
  48 |  14.50  180.0   -0.000 2 4 (HA-CA-CA-HA)  0.0000 (24-15-16-21)

 -------------- Out-of-plane Angle Data --------------
        vn/2   o_ijkl     types      energy   atoms
 -----------------------------------------------------
   1 |   1.10   0.000 (CA-CA-CA-HA)  0.0000 (3-1-2-9)
   2 |   1.10   0.000 (CA-CA-CA-HA)  0.0000 (4-2-3-10)
   3 |   1.10   0.000 (CA-CA-CA-HA)  0.0000 (5-1-6-7)
   4 |   1.10  -0.000 (CA-CA-CA-HA)  0.0000 (5-3-4-11)
   5 |   1.10   0.000 (CA-CA-CA-HA)  0.0000 (6-2-1-8)
   6 |   1.10   0.000 (CA-CA-CA-HA)  0.0000 (6-4-5-12)
   7 |   1.10   0.000 (CA-CA-CA-HA)  0.0000 (15-14-13-23)
   8 |   1.10  -0.000 (CA-CA-CA-HA)  0.0000 (16-13-15-24)
   9 |   1.10   0.001 (CA-CA-CA-HA)  0.0000 (17-14-18-19)
  10 |   1.10   0.000 (CA-CA-CA-HA)  0.0000 (17-15-16-21)
  11 |   1.10  -0.000 (CA-CA-CA-HA)  0.0000 (18-13-14-20)
  12 |   1.10   0.000 (CA-CA-CA-HA)  0.0000 (18-16-17-22)
