
 -------- Energy Values --------
   component         [kcal/mol]
 -------------------------------
   Total         |     0.3569
   Kinetic       |     0.0000
   Potential     |     0.3569
   Non-bonded    |     0.0000
   Bonded        |     0.3569
   Boundary      |     0.0000
   van der Waals |     0.0000
   Electrostatic |     0.0000
   Bonds         |     0.3503
   Angles        |     0.0066
   Torsions      |     0.0000
   Out-of-planes |     0.0000

 -------- Molecular Geometry and Non-bonded Parameters ---------
      type     x         y         z       q      ro/2    eps
 ---------------------------------------------------------------
   1 | C1   -1.0483    1.6715   -1.4413  0.6000  1.9080  0.0860
   2 | O1   -2.2353    1.4309   -1.2631 -0.8000  1.6612  0.2100
   3 | H1   -0.5167    1.3623   -2.3557  0.1000  1.2870  0.0157
   4 | H1   -0.4409    2.2115   -0.6988  0.1000  1.2870  0.0157

 ------------------ Bond Length Data -------------------
          k_b     r_eq     r_ij   types    energy atoms
 -------------------------------------------------------
   1 |  570.00   1.2290   1.2241 (C1-O1)   0.0136 (1-2)
   2 |  367.00   1.0800   1.1020 (C1-H1)   0.1772 (1-3)
   3 |  367.00   1.0800   1.1008 (C1-H1)   0.1594 (1-4)

 ------------------- Bond Angle Data --------------------
         k_a   a_eq    a_ijk    types     energy  atoms
 --------------------------------------------------------
   1 |  80.00 122.500 122.234 (O1-C1-H1)  0.0017 (2-1-3)
   2 |  80.00 122.500 122.228 (O1-C1-H1)  0.0018 (2-1-4)
   3 |  35.00 115.000 115.539 (H1-C1-H1)  0.0031 (3-1-4)

 No Torsion Angles Detected

 -------------- Out-of-plane Angle Data --------------
        vn/2   o_ijkl     types      energy   atoms
 -----------------------------------------------------
   1 |  10.50  -0.021 (H1-H1-C1-O1)  0.0000 (3-4-1-2)
