
 -------- Energy Values --------
   component         [kcal/mol]
 -------------------------------
   Total         |     0.2846
   Kinetic       |     0.0000
   Potential     |     0.2846
   Non-bonded    |     0.0000
   Bonded        |     0.2846
   Boundary      |     0.0000
   van der Waals |     0.0000
   Electrostatic |     0.0000
   Bonds         |     0.0956
   Angles        |     0.1886
   Torsions      |     0.0004
   Out-of-planes |     0.0000

 -------- Molecular Geometry and Non-bonded Parameters ---------
      type     x         y         z       q      ro/2    eps
 ---------------------------------------------------------------
   1 | CT   -5.7154    2.8978    0.2542 -0.6300  1.9080  0.1094
   2 | CT   -4.5451    2.2596   -0.4587 -0.6300  1.9080  0.1094
   3 | HC   -5.3676    3.6596    0.9583  0.2100  1.4870  0.0157
   4 | HC   -6.2815    2.1464    0.8124  0.2100  1.4870  0.0157
   5 | HC   -6.3895    3.3743   -0.4637  0.2100  1.4870  0.0157
   6 | HC   -3.8756    1.7762    0.2590  0.2100  1.4870  0.0157
   7 | HC   -3.9743    3.0124   -1.0103  0.2100  1.4870  0.0157
   8 | HC   -4.8928    1.5038   -1.1689  0.2100  1.4870  0.0157

 ------------------ Bond Length Data -------------------
          k_b     r_eq     r_ij   types    energy atoms
 -------------------------------------------------------
   1 |  310.00   1.5260   1.5117 (CT-CT)   0.0634 (1-2)
   2 |  340.00   1.0900   1.0940 (CT-HC)   0.0056 (1-3)
   3 |  340.00   1.0900   1.0939 (CT-HC)   0.0051 (1-4)
   4 |  340.00   1.0900   1.0940 (CT-HC)   0.0055 (1-5)
   5 |  340.00   1.0900   1.0941 (CT-HC)   0.0056 (2-6)
   6 |  340.00   1.0900   1.0939 (CT-HC)   0.0053 (2-7)
   7 |  340.00   1.0900   1.0939 (CT-HC)   0.0051 (2-8)

 ------------------- Bond Angle Data --------------------
         k_a   a_eq    a_ijk    types     energy  atoms
 --------------------------------------------------------
   1 |  50.00 109.500 110.540 (CT-CT-HC)  0.0165 (1-2-6)
   2 |  50.00 109.500 110.566 (CT-CT-HC)  0.0173 (1-2-7)
   3 |  50.00 109.500 110.596 (CT-CT-HC)  0.0183 (1-2-8)
   4 |  50.00 109.500 110.566 (CT-CT-HC)  0.0173 (2-1-3)
   5 |  50.00 109.500 110.568 (CT-CT-HC)  0.0174 (2-1-4)
   6 |  50.00 109.500 110.573 (CT-CT-HC)  0.0175 (2-1-5)
   7 |  35.00 109.500 108.332 (HC-CT-HC)  0.0146 (3-1-4)
   8 |  35.00 109.500 108.355 (HC-CT-HC)  0.0140 (3-1-5)
   9 |  35.00 109.500 108.368 (HC-CT-HC)  0.0137 (4-1-5)
  10 |  35.00 109.500 108.396 (HC-CT-HC)  0.0130 (6-2-7)
  11 |  35.00 109.500 108.368 (HC-CT-HC)  0.0137 (6-2-8)
  12 |  35.00 109.500 108.295 (HC-CT-HC)  0.0155 (7-2-8)

 ---------------------- Torsion Angle Data -----------------------
         vn/2  gamma   t_ijkl n p     types      energy   atoms
 -----------------------------------------------------------------
   1 |   1.40    0.0   60.460 3 9 (HC-CT-CT-HC)  0.0000 (3-1-2-6)
   2 |   1.40    0.0  -59.575 3 9 (HC-CT-CT-HC)  0.0000 (3-1-2-7)
   3 |   1.40    0.0 -179.521 3 9 (HC-CT-CT-HC)  0.0000 (3-1-2-8)
   4 |   1.40    0.0  -59.513 3 9 (HC-CT-CT-HC)  0.0001 (4-1-2-6)
   5 |   1.40    0.0 -179.548 3 9 (HC-CT-CT-HC)  0.0000 (4-1-2-7)
   6 |   1.40    0.0   60.507 3 9 (HC-CT-CT-HC)  0.0001 (4-1-2-8)
   7 |   1.40    0.0 -179.535 3 9 (HC-CT-CT-HC)  0.0000 (5-1-2-6)
   8 |   1.40    0.0   60.430 3 9 (HC-CT-CT-HC)  0.0000 (5-1-2-7)
   9 |   1.40    0.0  -59.515 3 9 (HC-CT-CT-HC)  0.0001 (5-1-2-8)

 No Out-of-plane Angles Detected
