
 -------- Energy Values --------
   component         [kcal/mol]
 -------------------------------
   Total         |     0.9279
   Kinetic       |     0.0000
   Potential     |     0.9279
   Non-bonded    |     0.0000
   Bonded        |     0.9279
   Boundary      |     0.0000
   van der Waals |     0.0000
   Electrostatic |     0.0000
   Bonds         |     0.1812
   Angles        |     0.7467
   Torsions      |     0.0000
   Out-of-planes |     0.0000

 -------- Molecular Geometry and Non-bonded Parameters ---------
      type     x         y         z       q      ro/2    eps
 ---------------------------------------------------------------
   1 | OW    0.5389    0.6557    0.0000 -0.8140  1.7683  0.1520
   2 | HW    1.5089    0.6557    0.0000  0.4070  0.0001  0.0000
   3 | HW    0.2156    1.5697   -0.0301  0.4070  0.0001  0.0000

 ------------------ Bond Length Data -------------------
          k_b     r_eq     r_ij   types    energy atoms
 -------------------------------------------------------
   1 |  553.00   0.9572   0.9700 (OW-HW)   0.0906 (1-2)
   2 |  553.00   0.9572   0.9700 (OW-HW)   0.0906 (1-3)

 ------------------- Bond Angle Data --------------------
         k_a   a_eq    a_ijk    types     energy  atoms
 --------------------------------------------------------
   1 | 100.00 104.520 109.471 (HW-OW-HW)  0.7467 (2-1-3)

 No Torsion Angles Detected

 No Out-of-plane Angles Detected
