
 -------- Energy Values --------
   component         [kcal/mol]
 -------------------------------
   Total         |   -35.5963
   Kinetic       |     0.0000
   Potential     |   -35.5963
   Non-bonded    |   -43.5667
   Bonded        |     7.9704
   Boundary      |     0.0000
   van der Waals |    11.6838
   Electrostatic |   -55.2505
   Bonds         |     3.9988
   Angles        |     3.9717
   Torsions      |     0.0000
   Out-of-planes |     0.0000

 -------- Molecular Geometry and Non-bonded Parameters ---------
      type     x         y         z       q      ro/2    eps
 ---------------------------------------------------------------
   1 | OW   -1.8721    1.3262   -0.7203 -0.8140  1.7683  0.1520
   2 | HW   -1.7155    0.5495   -0.1235  0.4070  0.0001  0.0000
   3 | HW   -2.8379    1.2616   -0.8149  0.4070  0.0001  0.0000
   4 | OW    0.6125   -0.1545    2.5247 -0.8140  1.7683  0.1520
   5 | HW    1.2147    0.3338    1.9056  0.4070  0.0001  0.0000
   6 | HW    0.9969    0.1216    3.3745  0.4070  0.0001  0.0000
   7 | OW   -1.5084   -0.7394    0.9717 -0.8140  1.7683  0.1520
   8 | HW   -1.4404   -1.7052    1.0662  0.4070  0.0001  0.0000
   9 | HW   -0.7994   -0.4664    1.6093  0.4070  0.0001  0.0000
  10 | OW    0.4962    2.6226   -0.8021 -0.8140  1.7683  0.1520
  11 | HW    0.2206    3.3916   -1.3296  0.4070  0.0001  0.0000
  12 | HW   -0.3565    2.1158   -0.7935  0.4070  0.0001  0.0000
  13 | OW    2.1475    1.3406    0.8988 -0.8140  1.7683  0.1520
  14 | HW    2.9461    1.4051    0.3473  0.4070  0.0001  0.0000
  15 | HW    1.5208    1.8668    0.3380  0.4070  0.0001  0.0000

 ------------------ Bond Length Data -------------------
          k_b     r_eq     r_ij   types    energy atoms
 -------------------------------------------------------
   1 |  553.00   0.9572   0.9919 (OW-HW)   0.6651 (1-2)
   2 |  553.00   0.9572   0.9726 (OW-HW)   0.1307 (1-3)
   3 |  553.00   0.9572   0.9921 (OW-HW)   0.6751 (4-5)
   4 |  553.00   0.9572   0.9727 (OW-HW)   0.1330 (4-6)
   5 |  553.00   0.9572   0.9728 (OW-HW)   0.1350 (7-8)
   6 |  553.00   0.9572   0.9918 (OW-HW)   0.6632 (7-9)
   7 |  553.00   0.9572   0.9724 (OW-HW)   0.1277 (10-11)
   8 |  553.00   0.9572   0.9919 (OW-HW)   0.6665 (10-12)
   9 |  553.00   0.9572   0.9726 (OW-HW)   0.1314 (13-14)
  10 |  553.00   0.9572   0.9920 (OW-HW)   0.6710 (13-15)

 ------------------- Bond Angle Data --------------------
         k_a   a_eq    a_ijk    types     energy  atoms
 --------------------------------------------------------
   1 | 100.00 104.520  99.397 (HW-OW-HW)  0.7994 (2-1-3)
   2 | 100.00 104.520  99.533 (HW-OW-HW)  0.7576 (5-4-6)
   3 | 100.00 104.520  99.259 (HW-OW-HW)  0.8432 (8-7-9)
   4 | 100.00 104.520  99.505 (HW-OW-HW)  0.7660 (11-10-12)
   5 | 100.00 104.520  99.378 (HW-OW-HW)  0.8054 (14-13-15)

 No Torsion Angles Detected

 No Out-of-plane Angles Detected
