
 -------- Energy Values --------
   component         [kcal/mol]
 -------------------------------
   Total         |     0.4784
   Kinetic       |     0.0000
   Potential     |     0.4784
   Non-bonded    |     0.4784
   Bonded        |     0.0000
   Boundary      |     0.0000
   van der Waals |     0.4784
   Electrostatic |     0.0000
   Bonds         |     0.0000
   Angles        |     0.0000
   Torsions      |     0.0000
   Out-of-planes |     0.0000

 -------- Molecular Geometry and Non-bonded Parameters ---------
      type     x         y         z       q      ro/2    eps
 ---------------------------------------------------------------
   1 | He    0.3756   -1.8677   -2.8885  0.0000  1.1810  0.1000
   2 | He    2.6102    1.2480    1.2027  0.0000  1.1810  0.1000
   3 | He   -2.3448   -2.9321    5.3122  0.0000  1.1810  0.1000
   4 | He   -1.4708   -0.7909    1.5448  0.0000  1.1810  0.1000
   5 | He   -3.7138    2.8354    5.3693  0.0000  1.1810  0.1000
   6 | He   -3.6429    4.5758    1.4821  0.0000  1.1810  0.1000
   7 | He    1.0739    2.1136   -2.9446  0.0000  1.1810  0.1000
   8 | He    3.5671    3.2523    5.4466  0.0000  1.1810  0.1000
   9 | He   -5.6487   -1.9286    4.1479  0.0000  1.1810  0.1000
  10 | He    1.8623    0.5922    3.7740  0.0000  1.1810  0.1000
  11 | He    3.9872   -0.0243    3.5196  0.0000  1.1810  0.1000
  12 | He   -5.0093    3.4393   -2.5244  0.0000  1.1810  0.1000
  13 | He   -2.6236   -0.5757   -0.2888  0.0000  1.1810  0.1000
  14 | He   -0.3805    6.3313    3.7419  0.0000  1.1810  0.1000
  15 | He   -0.8132    1.8310    4.3618  0.0000  1.1810  0.1000
  16 | He    1.6880    5.2844    1.0861  0.0000  1.1810  0.1000
  17 | He    0.5609   -0.6142    5.5899  0.0000  1.1810  0.1000
  18 | He   -2.1493    1.6847    0.0824  0.0000  1.1810  0.1000
  19 | He    0.3350    6.1648    0.2674  0.0000  1.1810  0.1000
  20 | He   -2.7153   -3.3987    0.4770  0.0000  1.1810  0.1000

 No Bonds Detected

 No Bond Angles Detected

 No Torsion Angles Detected

 No Out-of-plane Angles Detected
